<!DOCTYPE html>
<html>
  <head>
    <meta charset="utf-8"/>
    <title>Test Report</title>
    <link href="assets/style.css" rel="stylesheet" type="text/css"/></head>
  <body onLoad="init()">
    <script>/* This Source Code Form is subject to the terms of the Mozilla Public
 * License, v. 2.0. If a copy of the MPL was not distributed with this file,
 * You can obtain one at http://mozilla.org/MPL/2.0/. */


function toArray(iter) {
    if (iter === null) {
        return null;
    }
    return Array.prototype.slice.call(iter);
}

function find(selector, elem) { // eslint-disable-line no-redeclare
    if (!elem) {
        elem = document;
    }
    return elem.querySelector(selector);
}

function findAll(selector, elem) {
    if (!elem) {
        elem = document;
    }
    return toArray(elem.querySelectorAll(selector));
}

function sortColumn(elem) {
    toggleSortStates(elem);
    const colIndex = toArray(elem.parentNode.childNodes).indexOf(elem);
    let key;
    if (elem.classList.contains('result')) {
        key = keyResult;
    } else if (elem.classList.contains('links')) {
        key = keyLink;
    } else {
        key = keyAlpha;
    }
    sortTable(elem, key(colIndex));
}

function showAllExtras() { // eslint-disable-line no-unused-vars
    findAll('.col-result').forEach(showExtras);
}

function hideAllExtras() { // eslint-disable-line no-unused-vars
    findAll('.col-result').forEach(hideExtras);
}

function showExtras(colresultElem) {
    const extras = colresultElem.parentNode.nextElementSibling;
    const expandcollapse = colresultElem.firstElementChild;
    extras.classList.remove('collapsed');
    expandcollapse.classList.remove('expander');
    expandcollapse.classList.add('collapser');
}

function hideExtras(colresultElem) {
    const extras = colresultElem.parentNode.nextElementSibling;
    const expandcollapse = colresultElem.firstElementChild;
    extras.classList.add('collapsed');
    expandcollapse.classList.remove('collapser');
    expandcollapse.classList.add('expander');
}

function showFilters() {
    const filterItems = document.getElementsByClassName('filter');
    for (let i = 0; i < filterItems.length; i++)
        filterItems[i].hidden = false;
}

function addCollapse() {
    // Add links for show/hide all
    const resulttable = find('table#results-table');
    const showhideall = document.createElement('p');
    showhideall.innerHTML = '<a href="javascript:showAllExtras()">Show all details</a> / ' +
                            '<a href="javascript:hideAllExtras()">Hide all details</a>';
    resulttable.parentElement.insertBefore(showhideall, resulttable);

    // Add show/hide link to each result
    findAll('.col-result').forEach(function(elem) {
        const collapsed = getQueryParameter('collapsed') || 'Passed';
        const extras = elem.parentNode.nextElementSibling;
        const expandcollapse = document.createElement('span');
        if (extras.classList.contains('collapsed')) {
            expandcollapse.classList.add('expander');
        } else if (collapsed.includes(elem.innerHTML)) {
            extras.classList.add('collapsed');
            expandcollapse.classList.add('expander');
        } else {
            expandcollapse.classList.add('collapser');
        }
        elem.appendChild(expandcollapse);

        elem.addEventListener('click', function(event) {
            if (event.currentTarget.parentNode.nextElementSibling.classList.contains('collapsed')) {
                showExtras(event.currentTarget);
            } else {
                hideExtras(event.currentTarget);
            }
        });
    });
}

function getQueryParameter(name) {
    const match = RegExp('[?&]' + name + '=([^&]*)').exec(window.location.search);
    return match && decodeURIComponent(match[1].replace(/\+/g, ' '));
}

function init () { // eslint-disable-line no-unused-vars
    resetSortHeaders();

    addCollapse();

    showFilters();

    sortColumn(find('.initial-sort'));

    findAll('.sortable').forEach(function(elem) {
        elem.addEventListener('click',
            function() {
                sortColumn(elem);
            }, false);
    });
}

function sortTable(clicked, keyFunc) {
    const rows = findAll('.results-table-row');
    const reversed = !clicked.classList.contains('asc');
    const sortedRows = sort(rows, keyFunc, reversed);
    /* Whole table is removed here because browsers acts much slower
     * when appending existing elements.
     */
    const thead = document.getElementById('results-table-head');
    document.getElementById('results-table').remove();
    const parent = document.createElement('table');
    parent.id = 'results-table';
    parent.appendChild(thead);
    sortedRows.forEach(function(elem) {
        parent.appendChild(elem);
    });
    document.getElementsByTagName('BODY')[0].appendChild(parent);
}

function sort(items, keyFunc, reversed) {
    const sortArray = items.map(function(item, i) {
        return [keyFunc(item), i];
    });

    sortArray.sort(function(a, b) {
        const keyA = a[0];
        const keyB = b[0];

        if (keyA == keyB) return 0;

        if (reversed) {
            return keyA < keyB ? 1 : -1;
        } else {
            return keyA > keyB ? 1 : -1;
        }
    });

    return sortArray.map(function(item) {
        const index = item[1];
        return items[index];
    });
}

function keyAlpha(colIndex) {
    return function(elem) {
        return elem.childNodes[1].childNodes[colIndex].firstChild.data.toLowerCase();
    };
}

function keyLink(colIndex) {
    return function(elem) {
        const dataCell = elem.childNodes[1].childNodes[colIndex].firstChild;
        return dataCell == null ? '' : dataCell.innerText.toLowerCase();
    };
}

function keyResult(colIndex) {
    return function(elem) {
        const strings = ['Error', 'Failed', 'Rerun', 'XFailed', 'XPassed',
            'Skipped', 'Passed'];
        return strings.indexOf(elem.childNodes[1].childNodes[colIndex].firstChild.data);
    };
}

function resetSortHeaders() {
    findAll('.sort-icon').forEach(function(elem) {
        elem.parentNode.removeChild(elem);
    });
    findAll('.sortable').forEach(function(elem) {
        const icon = document.createElement('div');
        icon.className = 'sort-icon';
        icon.textContent = 'vvv';
        elem.insertBefore(icon, elem.firstChild);
        elem.classList.remove('desc', 'active');
        elem.classList.add('asc', 'inactive');
    });
}

function toggleSortStates(elem) {
    //if active, toggle between asc and desc
    if (elem.classList.contains('active')) {
        elem.classList.toggle('asc');
        elem.classList.toggle('desc');
    }

    //if inactive, reset all other functions and add ascending active
    if (elem.classList.contains('inactive')) {
        resetSortHeaders();
        elem.classList.remove('inactive');
        elem.classList.add('active');
    }
}

function isAllRowsHidden(value) {
    return value.hidden == false;
}

function filterTable(elem) { // eslint-disable-line no-unused-vars
    const outcomeAtt = 'data-test-result';
    const outcome = elem.getAttribute(outcomeAtt);
    const classOutcome = outcome + ' results-table-row';
    const outcomeRows = document.getElementsByClassName(classOutcome);

    for(let i = 0; i < outcomeRows.length; i++){
        outcomeRows[i].hidden = !elem.checked;
    }

    const rows = findAll('.results-table-row').filter(isAllRowsHidden);
    const allRowsHidden = rows.length == 0 ? true : false;
    const notFoundMessage = document.getElementById('not-found-message');
    notFoundMessage.hidden = !allRowsHidden;
}
</script>
    <h1>report.html</h1>
    <p>Report generated on 05-May-2022 at 00:35:05 by <a href="https://pypi.python.org/pypi/pytest-html">pytest-html</a> v3.1.1</p>
    <h2>Environment</h2>
    <table id="environment">
      <tr>
        <td>JAVA_HOME</td>
        <td>C:\Program Files\Java\jdk-18</td></tr>
      <tr>
        <td>Packages</td>
        <td>{"pluggy": "1.0.0", "py": "1.11.0", "pytest": "7.1.2"}</td></tr>
      <tr>
        <td>Platform</td>
        <td>Windows-10-10.0.22000-SP0</td></tr>
      <tr>
        <td>Plugins</td>
        <td>{"forked": "1.4.0", "html": "3.1.1", "metadata": "2.0.1", "rerun": "0.0.1", "xdist": "2.5.0"}</td></tr>
      <tr>
        <td>Python</td>
        <td>3.10.4</td></tr></table>
    <h2>Summary</h2>
    <p>8 tests ran in 74.05 seconds. </p>
    <p class="filter" hidden="true">(Un)check the boxes to filter the results.</p><input checked="true" class="filter" data-test-result="passed" disabled="true" hidden="true" name="filter_checkbox" onChange="filterTable(this)" type="checkbox"/><span class="passed">0 passed</span>, <input checked="true" class="filter" data-test-result="skipped" disabled="true" hidden="true" name="filter_checkbox" onChange="filterTable(this)" type="checkbox"/><span class="skipped">0 skipped</span>, <input checked="true" class="filter" data-test-result="failed" hidden="true" name="filter_checkbox" onChange="filterTable(this)" type="checkbox"/><span class="failed">8 failed</span>, <input checked="true" class="filter" data-test-result="error" disabled="true" hidden="true" name="filter_checkbox" onChange="filterTable(this)" type="checkbox"/><span class="error">0 errors</span>, <input checked="true" class="filter" data-test-result="xfailed" disabled="true" hidden="true" name="filter_checkbox" onChange="filterTable(this)" type="checkbox"/><span class="xfailed">0 expected failures</span>, <input checked="true" class="filter" data-test-result="xpassed" disabled="true" hidden="true" name="filter_checkbox" onChange="filterTable(this)" type="checkbox"/><span class="xpassed">0 unexpected passes</span>
    <h2>Results</h2>
    <table id="results-table">
      <thead id="results-table-head">
        <tr>
          <th class="sortable result initial-sort" col="result">Result</th>
          <th class="sortable" col="name">Test</th>
          <th class="sortable" col="duration">Duration</th>
          <th class="sortable links" col="links">Links</th></tr>
        <tr hidden="true" id="not-found-message">
          <th colspan="4">No results found. Try to check the filters</th></tr></thead>
      <tbody class="failed results-table-row">
        <tr>
          <td class="col-result">Failed</td>
          <td class="col-name">tests/test_homepage.py::Test_Home::test_setting_icon[chrome]</td>
          <td class="col-duration">21.04</td>
          <td class="col-links"></td></tr>
        <tr>
          <td class="extra" colspan="4">
            <div class="log">[gw3] win32 -- Python 3.10.4 C:\Users\Asus\workspace_python\POM\venv\Scripts\python.exe<br/>[gw3] win32 -- Python 3.10.4 C:\Users\Asus\workspace_python\POM\venv\Scripts\python.exe[gw3] win32 -- Python 3.10.4 C:\Users\Asus\workspace_python\POM\venv\Scripts\python.exe<br/><br/>self = &lt;tests.test_homepage.Test_Home object at 0x0000027F8F40C040&gt;<br/><br/>    def test_setting_icon(self):<br/>        self.loginPage = LoginPage(self.driver)<br/>        homePage = self.loginPage.do_login(TestData.USER_NAME, TestData.PASSWORD)<br/>&gt;       assert homePage.is_setting_icon_exist()<br/><br/>tests\test_homepage.py:29: <br/>_ _ _ _ _ _ _ _ _ _ _ _ _ _ _ _ _ _ _ _ _ _ _ _ _ _ _ _ _ _ _ _ _ _ _ _ _ _ _ _ <br/>pages\homepage.py:19: in is_setting_icon_exist<br/>    return self.is_visible(self.SETTING_ICON)<br/>pages\basepage.py:21: in is_visible<br/>    element = WebDriverWait(self.driver, 10).until(EC.visibility_of_element_located(by_locator))<br/>_ _ _ _ _ _ _ _ _ _ _ _ _ _ _ _ _ _ _ _ _ _ _ _ _ _ _ _ _ _ _ _ _ _ _ _ _ _ _ _ <br/><br/>self = &lt;selenium.webdriver.support.wait.WebDriverWait (session=&quot;d5fc5aad8b0e8753a527f1a39b7a1b2b&quot;)&gt;<br/>method = &lt;function visibility_of_element_located.&lt;locals&gt;._predicate at 0x0000027F8F44C310&gt;, message = &#x27;&#x27;<br/><br/>    def until(self, method, message=&#x27;&#x27;):<br/>        &quot;&quot;&quot;Calls the method provided with the driver as an argument until the \<br/>        return value does not evaluate to ``False``.<br/>    <br/>        :param method: callable(WebDriver)<br/>        :param message: optional message for :exc:`TimeoutException`<br/>        :returns: the result of the last call to `method`<br/>        :raises: :exc:`selenium.common.exceptions.TimeoutException` if timeout occurs<br/>        &quot;&quot;&quot;<br/>        screen = None<br/>        stacktrace = None<br/>    <br/>        end_time = time.time() + self._timeout<br/>        while True:<br/>            try:<br/>                value = method(self._driver)<br/>                if value:<br/>                    return value<br/>            except InvalidSelectorException as e:<br/>                raise e<br/>            except self._ignored_exceptions as exc:<br/>                screen = getattr(exc, &#x27;screen&#x27;, None)<br/>                stacktrace = getattr(exc, &#x27;stacktrace&#x27;, None)<br/>            time.sleep(self._poll)<br/>            if time.time() &gt; end_time:<br/>                break<br/>&gt;       raise TimeoutException(message, screen, stacktrace)<br/><span class="error">E       selenium.common.exceptions.TimeoutException: Message: </span><br/><span class="error">E       Stacktrace:</span><br/><span class="error">E       Backtrace:</span><br/><span class="error">E       	Ordinal0 [0x007FB8F3+2406643]</span><br/><span class="error">E       	Ordinal0 [0x0078AF31+1945393]</span><br/><span class="error">E       	Ordinal0 [0x0067C748+837448]</span><br/><span class="error">E       	Ordinal0 [0x006A92E0+1020640]</span><br/><span class="error">E       	Ordinal0 [0x006A957B+1021307]</span><br/><span class="error">E       	Ordinal0 [0x006D6372+1205106]</span><br/><span class="error">E       	Ordinal0 [0x006C42C4+1131204]</span><br/><span class="error">E       	Ordinal0 [0x006D4682+1197698]</span><br/><span class="error">E       	Ordinal0 [0x006C4096+1130646]</span><br/><span class="error">E       	Ordinal0 [0x0069E636+976438]</span><br/><span class="error">E       	Ordinal0 [0x0069F546+980294]</span><br/><span class="error">E       	GetHandleVerifier [0x00A69612+2498066]</span><br/><span class="error">E       	GetHandleVerifier [0x00A5C920+2445600]</span><br/><span class="error">E       	GetHandleVerifier [0x00894F2A+579370]</span><br/><span class="error">E       	GetHandleVerifier [0x00893D36+574774]</span><br/><span class="error">E       	Ordinal0 [0x00791C0B+1973259]</span><br/><span class="error">E       	Ordinal0 [0x00796688+1992328]</span><br/><span class="error">E       	Ordinal0 [0x00796775+1992565]</span><br/><span class="error">E       	Ordinal0 [0x0079F8D1+2029777]</span><br/><span class="error">E       	BaseThreadInitThunk [0x76646739+25]</span><br/><span class="error">E       	RtlGetFullPathName_UEx [0x77BD8E7F+1215]</span><br/><span class="error">E       	RtlGetFullPathName_UEx [0x77BD8E4D+1165]</span><br/><br/>venv\lib\site-packages\selenium\webdriver\support\wait.py:89: TimeoutException[gw3] win32 -- Python 3.10.4 C:\Users\Asus\workspace_python\POM\venv\Scripts\python.exe<br/></div></td></tr></tbody>
      <tbody class="failed results-table-row">
        <tr>
          <td class="col-result">Failed</td>
          <td class="col-name">tests/test_homepage.py::Test_Home::test_home_page_title[chrome]</td>
          <td class="col-duration">20.83</td>
          <td class="col-links"></td></tr>
        <tr>
          <td class="extra" colspan="4">
            <div class="log">[gw0] win32 -- Python 3.10.4 C:\Users\Asus\workspace_python\POM\venv\Scripts\python.exe<br/>[gw0] win32 -- Python 3.10.4 C:\Users\Asus\workspace_python\POM\venv\Scripts\python.exe[gw0] win32 -- Python 3.10.4 C:\Users\Asus\workspace_python\POM\venv\Scripts\python.exe<br/><br/>self = &lt;tests.test_homepage.Test_Home object at 0x000002C631403760&gt;<br/><br/>    def test_home_page_title(self):<br/>        self.loginPage = LoginPage(self.driver)<br/>        homePage = self.loginPage.do_login(TestData.USER_NAME, TestData.PASSWORD)<br/>&gt;       title = homePage.get_home_page_title(TestData.HOME_PAGE_TITLE)<br/><br/>tests\test_homepage.py:11: <br/>_ _ _ _ _ _ _ _ _ _ _ _ _ _ _ _ _ _ _ _ _ _ _ _ _ _ _ _ _ _ _ _ _ _ _ _ _ _ _ _ <br/>pages\homepage.py:16: in get_home_page_title<br/>    return self.get_title(title)<br/>pages\basepage.py:25: in get_title<br/>    WebDriverWait(self.driver, 10).until(EC.title_is(title))<br/>_ _ _ _ _ _ _ _ _ _ _ _ _ _ _ _ _ _ _ _ _ _ _ _ _ _ _ _ _ _ _ _ _ _ _ _ _ _ _ _ <br/><br/>self = &lt;selenium.webdriver.support.wait.WebDriverWait (session=&quot;90d57cd975adde4c12ef34b799d559ec&quot;)&gt;, method = &lt;function title_is.&lt;locals&gt;._predicate at 0x000002C63147C310&gt;, message = &#x27;&#x27;<br/><br/>    def until(self, method, message=&#x27;&#x27;):<br/>        &quot;&quot;&quot;Calls the method provided with the driver as an argument until the \<br/>        return value does not evaluate to ``False``.<br/>    <br/>        :param method: callable(WebDriver)<br/>        :param message: optional message for :exc:`TimeoutException`<br/>        :returns: the result of the last call to `method`<br/>        :raises: :exc:`selenium.common.exceptions.TimeoutException` if timeout occurs<br/>        &quot;&quot;&quot;<br/>        screen = None<br/>        stacktrace = None<br/>    <br/>        end_time = time.time() + self._timeout<br/>        while True:<br/>            try:<br/>                value = method(self._driver)<br/>                if value:<br/>                    return value<br/>            except InvalidSelectorException as e:<br/>                raise e<br/>            except self._ignored_exceptions as exc:<br/>                screen = getattr(exc, &#x27;screen&#x27;, None)<br/>                stacktrace = getattr(exc, &#x27;stacktrace&#x27;, None)<br/>            time.sleep(self._poll)<br/>            if time.time() &gt; end_time:<br/>                break<br/>&gt;       raise TimeoutException(message, screen, stacktrace)<br/><span class="error">E       selenium.common.exceptions.TimeoutException: Message:</span><br/><br/>venv\lib\site-packages\selenium\webdriver\support\wait.py:89: TimeoutException[gw0] win32 -- Python 3.10.4 C:\Users\Asus\workspace_python\POM\venv\Scripts\python.exe<br/></div></td></tr></tbody>
      <tbody class="failed results-table-row">
        <tr>
          <td class="col-result">Failed</td>
          <td class="col-name">tests/test_homepage.py::Test_Home::test_account_name_value[chrome]</td>
          <td class="col-duration">20.39</td>
          <td class="col-links"></td></tr>
        <tr>
          <td class="extra" colspan="4">
            <div class="log">[gw2] win32 -- Python 3.10.4 C:\Users\Asus\workspace_python\POM\venv\Scripts\python.exe<br/>[gw2] win32 -- Python 3.10.4 C:\Users\Asus\workspace_python\POM\venv\Scripts\python.exe[gw2] win32 -- Python 3.10.4 C:\Users\Asus\workspace_python\POM\venv\Scripts\python.exe<br/><br/>self = &lt;tests.test_homepage.Test_Home object at 0x000001B6DFE27910&gt;<br/><br/>    def test_account_name_value(self):<br/>        self.loginPage = LoginPage(self.driver)<br/>        homePage = self.loginPage.do_login(TestData.USER_NAME, TestData.PASSWORD)<br/>&gt;       account_name = homePage.account_name_value()<br/><br/>tests\test_homepage.py:23: <br/>_ _ _ _ _ _ _ _ _ _ _ _ _ _ _ _ _ _ _ _ _ _ _ _ _ _ _ _ _ _ _ _ _ _ _ _ _ _ _ _ <br/>pages\homepage.py:26: in account_name_value<br/>    if self.is_visible(self.ACCOUNT_NAME):<br/>pages\basepage.py:21: in is_visible<br/>    element = WebDriverWait(self.driver, 10).until(EC.visibility_of_element_located(by_locator))<br/>_ _ _ _ _ _ _ _ _ _ _ _ _ _ _ _ _ _ _ _ _ _ _ _ _ _ _ _ _ _ _ _ _ _ _ _ _ _ _ _ <br/><br/>self = &lt;selenium.webdriver.support.wait.WebDriverWait (session=&quot;0dd833c252e650c91f003a0b1af73c06&quot;)&gt;<br/>method = &lt;function visibility_of_element_located.&lt;locals&gt;._predicate at 0x000001B6DFE9C310&gt;, message = &#x27;&#x27;<br/><br/>    def until(self, method, message=&#x27;&#x27;):<br/>        &quot;&quot;&quot;Calls the method provided with the driver as an argument until the \<br/>        return value does not evaluate to ``False``.<br/>    <br/>        :param method: callable(WebDriver)<br/>        :param message: optional message for :exc:`TimeoutException`<br/>        :returns: the result of the last call to `method`<br/>        :raises: :exc:`selenium.common.exceptions.TimeoutException` if timeout occurs<br/>        &quot;&quot;&quot;<br/>        screen = None<br/>        stacktrace = None<br/>    <br/>        end_time = time.time() + self._timeout<br/>        while True:<br/>            try:<br/>                value = method(self._driver)<br/>                if value:<br/>                    return value<br/>            except InvalidSelectorException as e:<br/>                raise e<br/>            except self._ignored_exceptions as exc:<br/>                screen = getattr(exc, &#x27;screen&#x27;, None)<br/>                stacktrace = getattr(exc, &#x27;stacktrace&#x27;, None)<br/>            time.sleep(self._poll)<br/>            if time.time() &gt; end_time:<br/>                break<br/>&gt;       raise TimeoutException(message, screen, stacktrace)<br/><span class="error">E       selenium.common.exceptions.TimeoutException: Message: </span><br/><span class="error">E       Stacktrace:</span><br/><span class="error">E       Backtrace:</span><br/><span class="error">E       	Ordinal0 [0x007FB8F3+2406643]</span><br/><span class="error">E       	Ordinal0 [0x0078AF31+1945393]</span><br/><span class="error">E       	Ordinal0 [0x0067C748+837448]</span><br/><span class="error">E       	Ordinal0 [0x006A92E0+1020640]</span><br/><span class="error">E       	Ordinal0 [0x006A957B+1021307]</span><br/><span class="error">E       	Ordinal0 [0x006D6372+1205106]</span><br/><span class="error">E       	Ordinal0 [0x006C42C4+1131204]</span><br/><span class="error">E       	Ordinal0 [0x006D4682+1197698]</span><br/><span class="error">E       	Ordinal0 [0x006C4096+1130646]</span><br/><span class="error">E       	Ordinal0 [0x0069E636+976438]</span><br/><span class="error">E       	Ordinal0 [0x0069F546+980294]</span><br/><span class="error">E       	GetHandleVerifier [0x00A69612+2498066]</span><br/><span class="error">E       	GetHandleVerifier [0x00A5C920+2445600]</span><br/><span class="error">E       	GetHandleVerifier [0x00894F2A+579370]</span><br/><span class="error">E       	GetHandleVerifier [0x00893D36+574774]</span><br/><span class="error">E       	Ordinal0 [0x00791C0B+1973259]</span><br/><span class="error">E       	Ordinal0 [0x00796688+1992328]</span><br/><span class="error">E       	Ordinal0 [0x00796775+1992565]</span><br/><span class="error">E       	Ordinal0 [0x0079F8D1+2029777]</span><br/><span class="error">E       	BaseThreadInitThunk [0x76646739+25]</span><br/><span class="error">E       	RtlGetFullPathName_UEx [0x77BD8E7F+1215]</span><br/><span class="error">E       	RtlGetFullPathName_UEx [0x77BD8E4D+1165]</span><br/><br/>venv\lib\site-packages\selenium\webdriver\support\wait.py:89: TimeoutException[gw2] win32 -- Python 3.10.4 C:\Users\Asus\workspace_python\POM\venv\Scripts\python.exe<br/></div></td></tr></tbody>
      <tbody class="failed results-table-row">
        <tr>
          <td class="col-result">Failed</td>
          <td class="col-name">tests/test_homepage.py::Test_Home::test_home_page_header[chrome]</td>
          <td class="col-duration">21.64</td>
          <td class="col-links"></td></tr>
        <tr>
          <td class="extra" colspan="4">
            <div class="log">[gw1] win32 -- Python 3.10.4 C:\Users\Asus\workspace_python\POM\venv\Scripts\python.exe<br/>[gw1] win32 -- Python 3.10.4 C:\Users\Asus\workspace_python\POM\venv\Scripts\python.exe[gw1] win32 -- Python 3.10.4 C:\Users\Asus\workspace_python\POM\venv\Scripts\python.exe<br/><br/>self = &lt;tests.test_homepage.Test_Home object at 0x000001C8FD2F3760&gt;<br/><br/>    def test_home_page_header(self):<br/>        self.loginPage = LoginPage(self.driver)<br/>        homePage = self.loginPage.do_login(TestData.USER_NAME, TestData.PASSWORD)<br/>&gt;       header = homePage.get_header_value()<br/><br/>tests\test_homepage.py:17: <br/>_ _ _ _ _ _ _ _ _ _ _ _ _ _ _ _ _ _ _ _ _ _ _ _ _ _ _ _ _ _ _ _ _ _ _ _ _ _ _ _ <br/>pages\homepage.py:22: in get_header_value<br/>    if self.is_visible(self.HEADER):<br/>pages\basepage.py:21: in is_visible<br/>    element = WebDriverWait(self.driver, 10).until(EC.visibility_of_element_located(by_locator))<br/>_ _ _ _ _ _ _ _ _ _ _ _ _ _ _ _ _ _ _ _ _ _ _ _ _ _ _ _ _ _ _ _ _ _ _ _ _ _ _ _ <br/><br/>self = &lt;selenium.webdriver.support.wait.WebDriverWait (session=&quot;a4c9fe9ab9dd7c627c38590932d11d05&quot;)&gt;<br/>method = &lt;function visibility_of_element_located.&lt;locals&gt;._predicate at 0x000001C8FD36C310&gt;, message = &#x27;&#x27;<br/><br/>    def until(self, method, message=&#x27;&#x27;):<br/>        &quot;&quot;&quot;Calls the method provided with the driver as an argument until the \<br/>        return value does not evaluate to ``False``.<br/>    <br/>        :param method: callable(WebDriver)<br/>        :param message: optional message for :exc:`TimeoutException`<br/>        :returns: the result of the last call to `method`<br/>        :raises: :exc:`selenium.common.exceptions.TimeoutException` if timeout occurs<br/>        &quot;&quot;&quot;<br/>        screen = None<br/>        stacktrace = None<br/>    <br/>        end_time = time.time() + self._timeout<br/>        while True:<br/>            try:<br/>                value = method(self._driver)<br/>                if value:<br/>                    return value<br/>            except InvalidSelectorException as e:<br/>                raise e<br/>            except self._ignored_exceptions as exc:<br/>                screen = getattr(exc, &#x27;screen&#x27;, None)<br/>                stacktrace = getattr(exc, &#x27;stacktrace&#x27;, None)<br/>            time.sleep(self._poll)<br/>            if time.time() &gt; end_time:<br/>                break<br/>&gt;       raise TimeoutException(message, screen, stacktrace)<br/><span class="error">E       selenium.common.exceptions.TimeoutException: Message: </span><br/><span class="error">E       Stacktrace:</span><br/><span class="error">E       Backtrace:</span><br/><span class="error">E       	Ordinal0 [0x007FB8F3+2406643]</span><br/><span class="error">E       	Ordinal0 [0x0078AF31+1945393]</span><br/><span class="error">E       	Ordinal0 [0x0067C748+837448]</span><br/><span class="error">E       	Ordinal0 [0x006A92E0+1020640]</span><br/><span class="error">E       	Ordinal0 [0x006A957B+1021307]</span><br/><span class="error">E       	Ordinal0 [0x006D6372+1205106]</span><br/><span class="error">E       	Ordinal0 [0x006C42C4+1131204]</span><br/><span class="error">E       	Ordinal0 [0x006D4682+1197698]</span><br/><span class="error">E       	Ordinal0 [0x006C4096+1130646]</span><br/><span class="error">E       	Ordinal0 [0x0069E636+976438]</span><br/><span class="error">E       	Ordinal0 [0x0069F546+980294]</span><br/><span class="error">E       	GetHandleVerifier [0x00A69612+2498066]</span><br/><span class="error">E       	GetHandleVerifier [0x00A5C920+2445600]</span><br/><span class="error">E       	GetHandleVerifier [0x00894F2A+579370]</span><br/><span class="error">E       	GetHandleVerifier [0x00893D36+574774]</span><br/><span class="error">E       	Ordinal0 [0x00791C0B+1973259]</span><br/><span class="error">E       	Ordinal0 [0x00796688+1992328]</span><br/><span class="error">E       	Ordinal0 [0x00796775+1992565]</span><br/><span class="error">E       	Ordinal0 [0x0079F8D1+2029777]</span><br/><span class="error">E       	BaseThreadInitThunk [0x76646739+25]</span><br/><span class="error">E       	RtlGetFullPathName_UEx [0x77BD8E7F+1215]</span><br/><span class="error">E       	RtlGetFullPathName_UEx [0x77BD8E4D+1165]</span><br/><br/>venv\lib\site-packages\selenium\webdriver\support\wait.py:89: TimeoutException[gw1] win32 -- Python 3.10.4 C:\Users\Asus\workspace_python\POM\venv\Scripts\python.exe<br/></div></td></tr></tbody>
      <tbody class="failed results-table-row">
        <tr>
          <td class="col-result">Failed</td>
          <td class="col-name">tests/test_homepage.py::Test_Home::test_account_name_value[firefox]</td>
          <td class="col-duration">31.47</td>
          <td class="col-links"></td></tr>
        <tr>
          <td class="extra" colspan="4">
            <div class="log">[gw2] win32 -- Python 3.10.4 C:\Users\Asus\workspace_python\POM\venv\Scripts\python.exe<br/>[gw2] win32 -- Python 3.10.4 C:\Users\Asus\workspace_python\POM\venv\Scripts\python.exe[gw2] win32 -- Python 3.10.4 C:\Users\Asus\workspace_python\POM\venv\Scripts\python.exe<br/><br/>self = &lt;tests.test_homepage.Test_Home object at 0x000001B6DFE27EE0&gt;<br/><br/>    def test_account_name_value(self):<br/>        self.loginPage = LoginPage(self.driver)<br/>        homePage = self.loginPage.do_login(TestData.USER_NAME, TestData.PASSWORD)<br/>&gt;       account_name = homePage.account_name_value()<br/><br/>tests\test_homepage.py:23: <br/>_ _ _ _ _ _ _ _ _ _ _ _ _ _ _ _ _ _ _ _ _ _ _ _ _ _ _ _ _ _ _ _ _ _ _ _ _ _ _ _ <br/>pages\homepage.py:26: in account_name_value<br/>    if self.is_visible(self.ACCOUNT_NAME):<br/>pages\basepage.py:21: in is_visible<br/>    element = WebDriverWait(self.driver, 10).until(EC.visibility_of_element_located(by_locator))<br/>_ _ _ _ _ _ _ _ _ _ _ _ _ _ _ _ _ _ _ _ _ _ _ _ _ _ _ _ _ _ _ _ _ _ _ _ _ _ _ _ <br/><br/>self = &lt;selenium.webdriver.support.wait.WebDriverWait (session=&quot;376babfe-ac27-49ab-bd50-9c3839b41c94&quot;)&gt;<br/>method = &lt;function visibility_of_element_located.&lt;locals&gt;._predicate at 0x000001B6E0035EA0&gt;, message = &#x27;&#x27;<br/><br/>    def until(self, method, message=&#x27;&#x27;):<br/>        &quot;&quot;&quot;Calls the method provided with the driver as an argument until the \<br/>        return value does not evaluate to ``False``.<br/>    <br/>        :param method: callable(WebDriver)<br/>        :param message: optional message for :exc:`TimeoutException`<br/>        :returns: the result of the last call to `method`<br/>        :raises: :exc:`selenium.common.exceptions.TimeoutException` if timeout occurs<br/>        &quot;&quot;&quot;<br/>        screen = None<br/>        stacktrace = None<br/>    <br/>        end_time = time.time() + self._timeout<br/>        while True:<br/>            try:<br/>                value = method(self._driver)<br/>                if value:<br/>                    return value<br/>            except InvalidSelectorException as e:<br/>                raise e<br/>            except self._ignored_exceptions as exc:<br/>                screen = getattr(exc, &#x27;screen&#x27;, None)<br/>                stacktrace = getattr(exc, &#x27;stacktrace&#x27;, None)<br/>            time.sleep(self._poll)<br/>            if time.time() &gt; end_time:<br/>                break<br/>&gt;       raise TimeoutException(message, screen, stacktrace)<br/><span class="error">E       selenium.common.exceptions.TimeoutException: Message: </span><br/><span class="error">E       Stacktrace:</span><br/><span class="error">E       WebDriverError@chrome://marionette/content/error.js:179:5</span><br/><span class="error">E       NoSuchElementError@chrome://marionette/content/error.js:389:5</span><br/><span class="error">E       element.find/&lt;/&lt;@chrome://marionette/content/element.js:339:16</span><br/><br/>venv\lib\site-packages\selenium\webdriver\support\wait.py:89: TimeoutException[gw2] win32 -- Python 3.10.4 C:\Users\Asus\workspace_python\POM\venv\Scripts\python.exe<br/></div></td></tr></tbody>
      <tbody class="failed results-table-row">
        <tr>
          <td class="col-result">Failed</td>
          <td class="col-name">tests/test_homepage.py::Test_Home::test_home_page_title[firefox]</td>
          <td class="col-duration">29.67</td>
          <td class="col-links"></td></tr>
        <tr>
          <td class="extra" colspan="4">
            <div class="log">[gw0] win32 -- Python 3.10.4 C:\Users\Asus\workspace_python\POM\venv\Scripts\python.exe<br/>[gw0] win32 -- Python 3.10.4 C:\Users\Asus\workspace_python\POM\venv\Scripts\python.exe[gw0] win32 -- Python 3.10.4 C:\Users\Asus\workspace_python\POM\venv\Scripts\python.exe<br/><br/>self = &lt;tests.test_homepage.Test_Home object at 0x000002C631403880&gt;<br/><br/>    def test_home_page_title(self):<br/>        self.loginPage = LoginPage(self.driver)<br/>        homePage = self.loginPage.do_login(TestData.USER_NAME, TestData.PASSWORD)<br/>&gt;       title = homePage.get_home_page_title(TestData.HOME_PAGE_TITLE)<br/><br/>tests\test_homepage.py:11: <br/>_ _ _ _ _ _ _ _ _ _ _ _ _ _ _ _ _ _ _ _ _ _ _ _ _ _ _ _ _ _ _ _ _ _ _ _ _ _ _ _ <br/>pages\homepage.py:16: in get_home_page_title<br/>    return self.get_title(title)<br/>pages\basepage.py:25: in get_title<br/>    WebDriverWait(self.driver, 10).until(EC.title_is(title))<br/>_ _ _ _ _ _ _ _ _ _ _ _ _ _ _ _ _ _ _ _ _ _ _ _ _ _ _ _ _ _ _ _ _ _ _ _ _ _ _ _ <br/><br/>self = &lt;selenium.webdriver.support.wait.WebDriverWait (session=&quot;65cd770e-1ec1-440a-a503-d91e3df28469&quot;)&gt;, method = &lt;function title_is.&lt;locals&gt;._predicate at 0x000002C631605E10&gt;<br/>message = &#x27;&#x27;<br/><br/>    def until(self, method, message=&#x27;&#x27;):<br/>        &quot;&quot;&quot;Calls the method provided with the driver as an argument until the \<br/>        return value does not evaluate to ``False``.<br/>    <br/>        :param method: callable(WebDriver)<br/>        :param message: optional message for :exc:`TimeoutException`<br/>        :returns: the result of the last call to `method`<br/>        :raises: :exc:`selenium.common.exceptions.TimeoutException` if timeout occurs<br/>        &quot;&quot;&quot;<br/>        screen = None<br/>        stacktrace = None<br/>    <br/>        end_time = time.time() + self._timeout<br/>        while True:<br/>            try:<br/>                value = method(self._driver)<br/>                if value:<br/>                    return value<br/>            except InvalidSelectorException as e:<br/>                raise e<br/>            except self._ignored_exceptions as exc:<br/>                screen = getattr(exc, &#x27;screen&#x27;, None)<br/>                stacktrace = getattr(exc, &#x27;stacktrace&#x27;, None)<br/>            time.sleep(self._poll)<br/>            if time.time() &gt; end_time:<br/>                break<br/>&gt;       raise TimeoutException(message, screen, stacktrace)<br/><span class="error">E       selenium.common.exceptions.TimeoutException: Message:</span><br/><br/>venv\lib\site-packages\selenium\webdriver\support\wait.py:89: TimeoutException[gw0] win32 -- Python 3.10.4 C:\Users\Asus\workspace_python\POM\venv\Scripts\python.exe<br/></div></td></tr></tbody>
      <tbody class="failed results-table-row">
        <tr>
          <td class="col-result">Failed</td>
          <td class="col-name">tests/test_homepage.py::Test_Home::test_setting_icon[firefox]</td>
          <td class="col-duration">31.00</td>
          <td class="col-links"></td></tr>
        <tr>
          <td class="extra" colspan="4">
            <div class="log">[gw3] win32 -- Python 3.10.4 C:\Users\Asus\workspace_python\POM\venv\Scripts\python.exe<br/>[gw3] win32 -- Python 3.10.4 C:\Users\Asus\workspace_python\POM\venv\Scripts\python.exe[gw3] win32 -- Python 3.10.4 C:\Users\Asus\workspace_python\POM\venv\Scripts\python.exe<br/><br/>self = &lt;tests.test_homepage.Test_Home object at 0x0000027F8F40C1F0&gt;<br/><br/>    def test_setting_icon(self):<br/>        self.loginPage = LoginPage(self.driver)<br/>        homePage = self.loginPage.do_login(TestData.USER_NAME, TestData.PASSWORD)<br/>&gt;       assert homePage.is_setting_icon_exist()<br/><br/>tests\test_homepage.py:29: <br/>_ _ _ _ _ _ _ _ _ _ _ _ _ _ _ _ _ _ _ _ _ _ _ _ _ _ _ _ _ _ _ _ _ _ _ _ _ _ _ _ <br/>pages\homepage.py:19: in is_setting_icon_exist<br/>    return self.is_visible(self.SETTING_ICON)<br/>pages\basepage.py:21: in is_visible<br/>    element = WebDriverWait(self.driver, 10).until(EC.visibility_of_element_located(by_locator))<br/>_ _ _ _ _ _ _ _ _ _ _ _ _ _ _ _ _ _ _ _ _ _ _ _ _ _ _ _ _ _ _ _ _ _ _ _ _ _ _ _ <br/><br/>self = &lt;selenium.webdriver.support.wait.WebDriverWait (session=&quot;012a4db8-1628-4140-b0d1-84705802d83a&quot;)&gt;<br/>method = &lt;function visibility_of_element_located.&lt;locals&gt;._predicate at 0x0000027F8F5D5E10&gt;, message = &#x27;&#x27;<br/><br/>    def until(self, method, message=&#x27;&#x27;):<br/>        &quot;&quot;&quot;Calls the method provided with the driver as an argument until the \<br/>        return value does not evaluate to ``False``.<br/>    <br/>        :param method: callable(WebDriver)<br/>        :param message: optional message for :exc:`TimeoutException`<br/>        :returns: the result of the last call to `method`<br/>        :raises: :exc:`selenium.common.exceptions.TimeoutException` if timeout occurs<br/>        &quot;&quot;&quot;<br/>        screen = None<br/>        stacktrace = None<br/>    <br/>        end_time = time.time() + self._timeout<br/>        while True:<br/>            try:<br/>                value = method(self._driver)<br/>                if value:<br/>                    return value<br/>            except InvalidSelectorException as e:<br/>                raise e<br/>            except self._ignored_exceptions as exc:<br/>                screen = getattr(exc, &#x27;screen&#x27;, None)<br/>                stacktrace = getattr(exc, &#x27;stacktrace&#x27;, None)<br/>            time.sleep(self._poll)<br/>            if time.time() &gt; end_time:<br/>                break<br/>&gt;       raise TimeoutException(message, screen, stacktrace)<br/><span class="error">E       selenium.common.exceptions.TimeoutException: Message: </span><br/><span class="error">E       Stacktrace:</span><br/><span class="error">E       WebDriverError@chrome://marionette/content/error.js:179:5</span><br/><span class="error">E       NoSuchElementError@chrome://marionette/content/error.js:389:5</span><br/><span class="error">E       element.find/&lt;/&lt;@chrome://marionette/content/element.js:339:16</span><br/><br/>venv\lib\site-packages\selenium\webdriver\support\wait.py:89: TimeoutException[gw3] win32 -- Python 3.10.4 C:\Users\Asus\workspace_python\POM\venv\Scripts\python.exe<br/></div></td></tr></tbody>
      <tbody class="failed results-table-row">
        <tr>
          <td class="col-result">Failed</td>
          <td class="col-name">tests/test_homepage.py::Test_Home::test_home_page_header[firefox]</td>
          <td class="col-duration">30.33</td>
          <td class="col-links"></td></tr>
        <tr>
          <td class="extra" colspan="4">
            <div class="log">[gw1] win32 -- Python 3.10.4 C:\Users\Asus\workspace_python\POM\venv\Scripts\python.exe<br/>[gw1] win32 -- Python 3.10.4 C:\Users\Asus\workspace_python\POM\venv\Scripts\python.exe[gw1] win32 -- Python 3.10.4 C:\Users\Asus\workspace_python\POM\venv\Scripts\python.exe<br/><br/>self = &lt;tests.test_homepage.Test_Home object at 0x000001C8FD2F3C40&gt;<br/><br/>    def test_home_page_header(self):<br/>        self.loginPage = LoginPage(self.driver)<br/>        homePage = self.loginPage.do_login(TestData.USER_NAME, TestData.PASSWORD)<br/>&gt;       header = homePage.get_header_value()<br/><br/>tests\test_homepage.py:17: <br/>_ _ _ _ _ _ _ _ _ _ _ _ _ _ _ _ _ _ _ _ _ _ _ _ _ _ _ _ _ _ _ _ _ _ _ _ _ _ _ _ <br/>pages\homepage.py:22: in get_header_value<br/>    if self.is_visible(self.HEADER):<br/>pages\basepage.py:21: in is_visible<br/>    element = WebDriverWait(self.driver, 10).until(EC.visibility_of_element_located(by_locator))<br/>_ _ _ _ _ _ _ _ _ _ _ _ _ _ _ _ _ _ _ _ _ _ _ _ _ _ _ _ _ _ _ _ _ _ _ _ _ _ _ _ <br/><br/>self = &lt;selenium.webdriver.support.wait.WebDriverWait (session=&quot;6928cc57-1b83-4fb1-96d9-6def1e7fd178&quot;)&gt;<br/>method = &lt;function visibility_of_element_located.&lt;locals&gt;._predicate at 0x000001C8FD4F5E10&gt;, message = &#x27;&#x27;<br/><br/>    def until(self, method, message=&#x27;&#x27;):<br/>        &quot;&quot;&quot;Calls the method provided with the driver as an argument until the \<br/>        return value does not evaluate to ``False``.<br/>    <br/>        :param method: callable(WebDriver)<br/>        :param message: optional message for :exc:`TimeoutException`<br/>        :returns: the result of the last call to `method`<br/>        :raises: :exc:`selenium.common.exceptions.TimeoutException` if timeout occurs<br/>        &quot;&quot;&quot;<br/>        screen = None<br/>        stacktrace = None<br/>    <br/>        end_time = time.time() + self._timeout<br/>        while True:<br/>            try:<br/>                value = method(self._driver)<br/>                if value:<br/>                    return value<br/>            except InvalidSelectorException as e:<br/>                raise e<br/>            except self._ignored_exceptions as exc:<br/>                screen = getattr(exc, &#x27;screen&#x27;, None)<br/>                stacktrace = getattr(exc, &#x27;stacktrace&#x27;, None)<br/>            time.sleep(self._poll)<br/>            if time.time() &gt; end_time:<br/>                break<br/>&gt;       raise TimeoutException(message, screen, stacktrace)<br/><span class="error">E       selenium.common.exceptions.TimeoutException: Message: </span><br/><span class="error">E       Stacktrace:</span><br/><span class="error">E       WebDriverError@chrome://marionette/content/error.js:179:5</span><br/><span class="error">E       NoSuchElementError@chrome://marionette/content/error.js:389:5</span><br/><span class="error">E       element.find/&lt;/&lt;@chrome://marionette/content/element.js:339:16</span><br/><br/>venv\lib\site-packages\selenium\webdriver\support\wait.py:89: TimeoutException[gw1] win32 -- Python 3.10.4 C:\Users\Asus\workspace_python\POM\venv\Scripts\python.exe<br/></div></td></tr></tbody></table></body></html>